0 info it worked if it ends with ok
1 verbose cli [ '/usr/local/bin/node',
1 verbose cli   '/usr/local/bin/npm',
1 verbose cli   'install',
1 verbose cli   '–g',
1 verbose cli   'browserify' ]
2 info using npm@2.14.12
3 info using node@v4.3.0
4 verbose install initial load of /Users/luis/Israel/vagrant/scotch-box/public/dev/Javascript/package.json
5 verbose readDependencies loading dependencies from /Users/luis/Israel/vagrant/scotch-box/public/dev/Javascript/package.json
6 silly cache add args [ '–g', null ]
7 verbose cache add spec –g
8 silly cache add args [ 'browserify', null ]
9 verbose cache add spec browserify
10 silly cache add parsed spec Result {
10 silly cache add   raw: '–g',
10 silly cache add   scope: null,
10 silly cache add   name: null,
10 silly cache add   rawSpec: '–g',
10 silly cache add   spec: '/Users/luis/Israel/vagrant/scotch-box/public/dev/Javascript/–g',
10 silly cache add   type: 'local' }
11 silly cache add parsed spec Result {
11 silly cache add   raw: 'browserify',
11 silly cache add   scope: null,
11 silly cache add   name: 'browserify',
11 silly cache add   rawSpec: '',
11 silly cache add   spec: 'latest',
11 silly cache add   type: 'tag' }
12 silly addNamed browserify@latest
13 verbose addNamed "latest" is being treated as a dist-tag for browserify
14 info addNameTag [ 'browserify', 'latest' ]
15 silly mapToRegistry name browserify
16 silly mapToRegistry using default registry
17 silly mapToRegistry registry https://registry.npmjs.org/
18 silly mapToRegistry uri https://registry.npmjs.org/browserify
19 verbose addNameTag registry:https://registry.npmjs.org/browserify not in flight; fetching
20 error addLocal Could not install /Users/luis/Israel/vagrant/scotch-box/public/dev/Javascript/–g
21 verbose request uri https://registry.npmjs.org/browserify
22 verbose request no auth needed
23 info attempt registry request try #1 at 9:11:15 AM
24 verbose request id c384ea87069c3a83
25 verbose etag "C3CXYFKOP586A74WGW37QIB9P"
26 http request GET https://registry.npmjs.org/browserify
27 verbose stack TypeError: The header content contains invalid characters
27 verbose stack     at ClientRequest.OutgoingMessage.setHeader (_http_outgoing.js:351:13)
27 verbose stack     at new ClientRequest (_http_client.js:79:14)
27 verbose stack     at Object.exports.request (http.js:31:10)
27 verbose stack     at Object.exports.request (https.js:167:15)
27 verbose stack     at Request.start (/usr/local/lib/node_modules/npm/node_modules/request/request.js:793:30)
27 verbose stack     at Request.end (/usr/local/lib/node_modules/npm/node_modules/request/request.js:1400:10)
27 verbose stack     at end (/usr/local/lib/node_modules/npm/node_modules/request/request.js:564:14)
27 verbose stack     at Immediate._onImmediate (/usr/local/lib/node_modules/npm/node_modules/request/request.js:578:7)
27 verbose stack     at processImmediate [as _immediateCallback] (timers.js:383:17)
28 verbose cwd /Users/luis/Israel/vagrant/scotch-box/public/dev/Javascript
29 error Darwin 14.5.0
30 error argv "/usr/local/bin/node" "/usr/local/bin/npm" "install" "–g" "browserify"
31 error node v4.3.0
32 error npm  v2.14.12
33 error The header content contains invalid characters
34 error If you need help, you may report this error at:
34 error     <https://github.com/npm/npm/issues>
35 verbose exit [ 1, true ]
